[2016-06-01 14:44:15] | INFO [merlin.views:509] | GET http://localhost:8000/mercuryservices/fullresults/?project=6306  OK 200
[2016-06-01 14:44:15] | INFO [merlin.views:517] | search results count: 183
[2016-06-01 14:46:21] | INFO [merlin.views:509] | GET http://localhost:8000/mercuryservices/fullresults/?project=6306  OK 200
[2016-06-01 14:46:21] | INFO [merlin.views:517] | search results count: 183
[2016-06-01 14:48:50] | INFO [merlin.views:509] | GET http://localhost:8000/mercuryservices/fullresults/?project=6306  OK 200
[2016-06-01 14:48:50] | INFO [merlin.views:517] | search results count: 183
[2016-06-01 14:51:31] | INFO [merlin.views:509] | GET http://localhost:8000/mercuryservices/fullresults/?project=6306  OK 200
[2016-06-01 14:51:31] | INFO [merlin.views:517] | search results count: 183
[2016-06-01 14:56:27] | INFO [merlin.views:509] | GET http://localhost:8000/mercuryservices/fullresults/?project=6306  OK 200
[2016-06-01 14:56:27] | INFO [merlin.views:517] | search results count: 183
[2016-06-01 14:58:36] | INFO [merlin.views:509] | GET http://localhost:8000/mercuryservices/fullresults/?project=6306  OK 200
[2016-06-01 14:58:36] | INFO [merlin.views:517] | search results count: 183
[2016-06-01 15:00:42] | INFO [merlin.views:509] | GET http://localhost:8000/mercuryservices/fullresults/?project=6306  OK 200
[2016-06-01 15:00:42] | INFO [merlin.views:517] | search results count: 183
[2016-06-01 15:03:49] | INFO [merlin.views:509] | GET http://localhost:8000/mercuryservices/fullresults/?project=6306  OK 200
[2016-06-01 15:03:49] | INFO [merlin.views:517] | search results count: 183
[2016-06-01 15:09:56] | INFO [merlin.views:509] | GET http://localhost:8000/mercuryservices/fullresults/?project=6306  OK 200
[2016-06-01 15:09:56] | INFO [merlin.views:517] | search results count: 183
[2016-06-01 15:16:38] | INFO [merlin.views:509] | GET http://localhost:8000/mercuryservices/fullresults/?project=6306  OK 200
[2016-06-01 15:16:38] | INFO [merlin.views:517] | search results count: 183
[2016-06-01 15:28:23] | INFO [merlin.views:509] | GET http://localhost:8000/mercuryservices/fullresults/?project=6306  OK 200
[2016-06-01 15:28:23] | INFO [merlin.views:517] | search results count: 183
[2016-06-01 15:48:51] | INFO [merlin.views:509] | GET http://localhost:8000/mercuryservices/fullresults/?date_after_sample=2016-01-01&project=6306  OK 200
[2016-06-01 15:48:51] | INFO [merlin.views:517] | search results count: 2
[2016-06-01 16:15:44] | INFO [merlin.views:509] | GET http://localhost:8000/mercuryservices/fullresults/?project=6306  OK 200
[2016-06-01 16:15:44] | INFO [merlin.views:517] | search results count: 183
[2016-06-01 16:18:32] | INFO [merlin.views:509] | GET http://localhost:8000/mercuryservices/fullresults/?project=6306  OK 200
[2016-06-01 16:18:32] | INFO [merlin.views:517] | search results count: 183
[2016-06-01 16:23:16] | INFO [merlin.views:509] | GET http://localhost:8000/mercuryservices/fullresults/?project=6306  OK 200
[2016-06-01 16:23:16] | INFO [merlin.views:517] | search results count: 183
[2016-06-01 16:24:24] | INFO [merlin.views:509] | GET http://localhost:8000/mercuryservices/fullresults/?project=6306  OK 200
[2016-06-01 16:24:24] | INFO [merlin.views:517] | search results count: 183
[2016-06-01 16:25:18] | INFO [merlin.views:509] | GET http://localhost:8000/mercuryservices/fullresults/?project=6306  OK 200
[2016-06-01 16:25:18] | INFO [merlin.views:517] | search results count: 183
[2016-06-01 16:26:06] | INFO [merlin.views:509] | GET http://localhost:8000/mercuryservices/fullresults/?project=6306  OK 200
[2016-06-01 16:26:06] | INFO [merlin.views:517] | search results count: 183
[2016-06-01 16:26:44] | INFO [merlin.views:509] | GET http://localhost:8000/mercuryservices/fullresults/?project=6306  OK 200
[2016-06-01 16:26:44] | INFO [merlin.views:517] | search results count: 183
[2016-06-01 16:29:42] | INFO [merlin.views:509] | GET http://localhost:8000/mercuryservices/fullresults/?project=6306  OK 200
[2016-06-01 16:29:42] | INFO [merlin.views:517] | search results count: 183
[2016-06-02 12:22:22] | INFO [merlin.views:108] | SAMPLE LOGIN CREATE
[2016-06-02 12:22:22] | INFO [merlin.views:111] | submitted table contains 1 rows
[2016-06-02 12:22:22] | INFO [merlin.views:128] | for row 1 of 1 in table...
[2016-06-02 12:22:22] | INFO [merlin.views:136] | this sample id: 6306|205232|2016-06-01 12:34:00|1.0|1|39
[2016-06-02 12:22:22] | INFO [merlin.views:142] | VALIDATE Sample
[2016-06-02 12:22:22] | INFO [merlin.views:148] | {'site': 205232, 'sample_date_time': '2016-06-01 12:34:00', 'medium_type': 39, 'replicate': 1, 'project': 6306, 'depth': '1.0'}
[2016-06-02 12:22:23] | INFO [merlin.views:153] | GET http://localhost:8000/mercuryservices/samples/?site=205232&medium_type=39&replicate=1&project=6306&depth=1.0&sample_date_time=2016-06-01+12%3A34%3A00  OK 200
[2016-06-02 12:22:23] | INFO [merlin.views:155] | count: 0
[2016-06-02 12:22:23] | INFO [merlin.views:173] | Creating sample: {'medium_type': 39, 'length': -999, 'site': 205232, 'sample_date_time': '2016-06-01 12:34:00', 'received_date': '2016-06-02', 'comment': 'test', 'replicate': 1, 'project': 6306, 'lab_processing': 6, 'depth': '1.0'}
[2016-06-02 12:22:23] | INFO [merlin.views:177] | VALIDATE Bottle ID part 1 of 3
[2016-06-02 12:22:23] | INFO [merlin.views:179] | 20007930
[2016-06-02 12:22:23] | INFO [merlin.views:181] | GET http://localhost:8000/mercuryservices/samplebottles/?bottle=20007930  OK 200
[2016-06-02 12:22:23] | INFO [merlin.views:183] | count: 1
[2016-06-02 12:22:23] | WARNING [merlin.views:186] | Validation Warning: 20007930 count != 0
[2016-06-02 12:22:23] | ERROR [merlin.views:190] | "Error in row 1: This Bottle already used by a Sample in the database: WIM148CHH"
[2016-06-02 12:22:36] | INFO [merlin.views:108] | SAMPLE LOGIN CREATE
[2016-06-02 12:22:36] | INFO [merlin.views:111] | submitted table contains 1 rows
[2016-06-02 12:22:36] | INFO [merlin.views:128] | for row 1 of 1 in table...
[2016-06-02 12:22:36] | INFO [merlin.views:136] | this sample id: 6306|205232|2016-06-01 12:34:00|1.0|1|39
[2016-06-02 12:22:36] | INFO [merlin.views:142] | VALIDATE Sample
[2016-06-02 12:22:36] | INFO [merlin.views:148] | {'site': 205232, 'sample_date_time': '2016-06-01 12:34:00', 'medium_type': 39, 'replicate': 1, 'project': 6306, 'depth': '1.0'}
[2016-06-02 12:22:36] | INFO [merlin.views:153] | GET http://localhost:8000/mercuryservices/samples/?site=205232&medium_type=39&replicate=1&project=6306&depth=1.0&sample_date_time=2016-06-01+12%3A34%3A00  OK 200
[2016-06-02 12:22:36] | INFO [merlin.views:155] | count: 0
[2016-06-02 12:22:36] | INFO [merlin.views:173] | Creating sample: {'medium_type': 39, 'length': -999, 'site': 205232, 'sample_date_time': '2016-06-01 12:34:00', 'received_date': '2016-06-02', 'comment': 'test', 'replicate': 1, 'project': 6306, 'lab_processing': 6, 'depth': '1.0'}
[2016-06-02 12:22:36] | INFO [merlin.views:177] | VALIDATE Bottle ID part 1 of 3
[2016-06-02 12:22:36] | INFO [merlin.views:179] | 20000282
[2016-06-02 12:22:36] | INFO [merlin.views:181] | GET http://localhost:8000/mercuryservices/samplebottles/?bottle=20000282  OK 200
[2016-06-02 12:22:36] | INFO [merlin.views:183] | count: 1
[2016-06-02 12:22:36] | WARNING [merlin.views:186] | Validation Warning: 20000282 count != 0
[2016-06-02 12:22:36] | ERROR [merlin.views:190] | "Error in row 1: This Bottle already used by a Sample in the database: WIM148CDJ"
[2016-06-02 12:22:44] | INFO [merlin.views:108] | SAMPLE LOGIN CREATE
[2016-06-02 12:22:44] | INFO [merlin.views:111] | submitted table contains 1 rows
[2016-06-02 12:22:44] | INFO [merlin.views:128] | for row 1 of 1 in table...
[2016-06-02 12:22:44] | INFO [merlin.views:136] | this sample id: 6306|205232|2016-06-01 12:34:00|1.0|1|39
[2016-06-02 12:22:44] | INFO [merlin.views:142] | VALIDATE Sample
[2016-06-02 12:22:44] | INFO [merlin.views:148] | {'site': 205232, 'sample_date_time': '2016-06-01 12:34:00', 'medium_type': 39, 'replicate': 1, 'project': 6306, 'depth': '1.0'}
[2016-06-02 12:22:44] | INFO [merlin.views:153] | GET http://localhost:8000/mercuryservices/samples/?site=205232&medium_type=39&replicate=1&project=6306&depth=1.0&sample_date_time=2016-06-01+12%3A34%3A00  OK 200
[2016-06-02 12:22:44] | INFO [merlin.views:155] | count: 0
[2016-06-02 12:22:44] | INFO [merlin.views:173] | Creating sample: {'medium_type': 39, 'length': -999, 'site': 205232, 'sample_date_time': '2016-06-01 12:34:00', 'received_date': '2016-06-02', 'comment': 'test', 'replicate': 1, 'project': 6306, 'lab_processing': 6, 'depth': '1.0'}
[2016-06-02 12:22:44] | INFO [merlin.views:177] | VALIDATE Bottle ID part 1 of 3
[2016-06-02 12:22:44] | INFO [merlin.views:179] | 20008021
[2016-06-02 12:22:44] | INFO [merlin.views:181] | GET http://localhost:8000/mercuryservices/samplebottles/?bottle=20008021  OK 200
[2016-06-02 12:22:44] | INFO [merlin.views:183] | count: 1
[2016-06-02 12:22:44] | WARNING [merlin.views:186] | Validation Warning: 20008021 count != 0
[2016-06-02 12:22:44] | ERROR [merlin.views:190] | "Error in row 1: This Bottle already used by a Sample in the database: WIT398CHJ"
[2016-06-02 12:22:52] | INFO [merlin.views:108] | SAMPLE LOGIN CREATE
[2016-06-02 12:22:52] | INFO [merlin.views:111] | submitted table contains 1 rows
[2016-06-02 12:22:52] | INFO [merlin.views:128] | for row 1 of 1 in table...
[2016-06-02 12:22:52] | INFO [merlin.views:136] | this sample id: 6306|205232|2016-06-01 12:34:00|1.0|1|39
[2016-06-02 12:22:52] | INFO [merlin.views:142] | VALIDATE Sample
[2016-06-02 12:22:52] | INFO [merlin.views:148] | {'site': 205232, 'sample_date_time': '2016-06-01 12:34:00', 'medium_type': 39, 'replicate': 1, 'project': 6306, 'depth': '1.0'}
[2016-06-02 12:22:53] | INFO [merlin.views:153] | GET http://localhost:8000/mercuryservices/samples/?site=205232&medium_type=39&replicate=1&project=6306&depth=1.0&sample_date_time=2016-06-01+12%3A34%3A00  OK 200
[2016-06-02 12:22:53] | INFO [merlin.views:155] | count: 0
[2016-06-02 12:22:53] | INFO [merlin.views:173] | Creating sample: {'medium_type': 39, 'length': -999, 'site': 205232, 'sample_date_time': '2016-06-01 12:34:00', 'received_date': '2016-06-02', 'comment': 'test', 'replicate': 1, 'project': 6306, 'lab_processing': 6, 'depth': '1.0'}
[2016-06-02 12:22:53] | INFO [merlin.views:177] | VALIDATE Bottle ID part 1 of 3
[2016-06-02 12:22:53] | INFO [merlin.views:179] | 20007979
[2016-06-02 12:22:53] | INFO [merlin.views:181] | GET http://localhost:8000/mercuryservices/samplebottles/?bottle=20007979  OK 200
[2016-06-02 12:22:53] | INFO [merlin.views:183] | count: 0
[2016-06-02 12:22:53] | INFO [merlin.views:195] | VALIDATE Bottle ID part 2 of 3
[2016-06-02 12:22:53] | INFO [merlin.views:197] | 20007979 is unique
[2016-06-02 12:22:53] | INFO [merlin.views:201] | (20007979, '6306|205232|2016-06-01 12:34:00|1.0|1|39') is unique
[2016-06-02 12:22:53] | INFO [merlin.views:205] | VALIDATE Analysis
[2016-06-02 12:22:53] | INFO [merlin.views:207] | 6306|205232|2016-06-01 12:34:00|1.0|1|39|27|11
[2016-06-02 12:22:53] | INFO [merlin.views:209] | 6306|205232|2016-06-01 12:34:00|1.0|1|39|27|11 is unique
[2016-06-02 12:22:53] | INFO [merlin.views:225] | VALIDATE Bottle Filter Volume
[2016-06-02 12:22:53] | INFO [merlin.views:227] | (20007979, 2)
[2016-06-02 12:22:53] | INFO [merlin.views:252] | this sample bottle id: 6306|205232|2016-06-01 12:34:00|1.0|1|39|20007979
[2016-06-02 12:22:53] | INFO [merlin.views:266] | Creating sample bottle: {'preservation_volume': 3, 'preservation_comment': 'test', 'sample': '6306|205232|2016-06-01 12:34:00|1.0|1|39', 'preservation_type': 8, 'filter_type': 26, 'preservation_acid': 20000118, 'bottle': 20007979, 'volume_filtered': 2}
[2016-06-02 12:22:53] | INFO [merlin.views:272] | GET http://localhost:8000/mercuryservices/constituents/?analysis=27  OK 200
[2016-06-02 12:22:53] | INFO [merlin.views:279] | Creating result: {'isotope_flag': 11, 'analysis': 27, 'constituent': 27, 'sample_bottle': '20007979'}
[2016-06-02 12:22:53] | INFO [merlin.views:285] | VALIDATE Bottle ID part 3 of 3
[2016-06-02 12:22:53] | INFO [merlin.views:288] | 20007979
[2016-06-02 12:22:53] | INFO [merlin.views:290] | (20007979, '6306|205232|2016-06-01 12:34:00|1.0|1|39')
[2016-06-02 12:22:53] | INFO [merlin.views:292] | bottle 20007979 is in (20007979, '6306|205232|2016-06-01 12:34:00|1.0|1|39')
[2016-06-02 12:22:53] | INFO [merlin.views:309] | 20007979 is only used in one sample
[2016-06-02 12:22:53] | INFO [merlin.views:316] | SAVE Samples
[2016-06-02 12:22:53] | INFO [merlin.views:318] | [{"medium_type": 39, "length": -999, "site": 205232, "sample_date_time": "2016-06-01 12:34:00", "received_date": "2016-06-02", "comment": "test", "replicate": 1, "project": 6306, "lab_processing": 6, "depth": "1.0"}]
[2016-06-02 12:22:53] | INFO [merlin.views:320] | POST http://localhost:8000/mercuryservices/bulksamples/ CREATED 201
[2016-06-02 12:22:53] | INFO [merlin.views:327] | 1 samples saved
[2016-06-02 12:22:53] | INFO [merlin.views:328] | [{'medium_type_string': 'WG', 'project_string': 'ITHACA EPA', 'sample_date': '06/01/16', 'site': 205232, 'medium_type': 39, 'comment': 'test', 'sample_time': '1234', 'project': 6306, 'lab_processing_string': 'NONE', 'site_usgs_scode': '04250200', 'site_string': 'SALMON RIVER AT PINEVILLE NY', 'length': -999.0, 'received_date': '06/02/16', 'replicate': 1, 'depth': 1.0, 'sample_bottles': [], 'id': 20002900, 'lab_processing': 6, 'sample_date_time': '2016-06-01 12:34:00'}]
[2016-06-02 12:22:53] | INFO [merlin.views:339] | item 1: {'combo_id': '6306|205232|2016-06-01 12:34:00|1.0|1|39', 'db_id': 20002900}
[2016-06-02 12:22:53] | INFO [merlin.views:344] | SAVE Sample Bottles
[2016-06-02 12:22:53] | INFO [merlin.views:347] | Sample Bottle Sample ID: 6306|205232|2016-06-01 12:34:00|1.0|1|39
[2016-06-02 12:22:53] | INFO [merlin.views:348] | Combo ID:                6306|205232|2016-06-01 12:34:00|1.0|1|39
[2016-06-02 12:22:53] | INFO [merlin.views:369] | [{"preservation_volume": 3, "preservation_comment": "test", "sample": 20002900, "preservation_type": 8, "filter_type": 26, "preservation_acid": 20000118, "bottle": 20007979, "volume_filtered": 2}]
[2016-06-02 12:22:54] | INFO [merlin.views:371] | POST http://localhost:8000/mercuryservices/bulksamplebottles/ CREATED 201
[2016-06-02 12:22:54] | INFO [merlin.views:390] | 1 sample bottles saved
[2016-06-02 12:22:54] | INFO [merlin.views:399] | SAVE Sample Analyses
[2016-06-02 12:22:54] | INFO [merlin.views:402] | Sample Analysis Bottle ID: 20007979
[2016-06-02 12:22:54] | INFO [merlin.views:403] | Sample Bottle ID:          20007979
[2016-06-02 12:22:54] | INFO [merlin.views:437] | [{"isotope_flag": 11, "analysis": 27, "constituent": 27, "sample_bottle": 20006887}]
[2016-06-02 12:22:54] | INFO [merlin.views:439] | POST http://localhost:8000/mercuryservices/bulkresults/ CREATED 201
[2016-06-02 12:22:54] | INFO [merlin.views:470] | 1 sample analyses saved
[2016-06-02 12:23:23] | INFO [merlin.views:509] | GET http://localhost:8000/mercuryservices/fullresults/?project=6306&date_after_sample=2016-05-31  OK 200
[2016-06-02 12:23:23] | INFO [merlin.views:517] | search results count: 1
[2016-06-02 12:35:06] | ERROR [django.request:256] | Internal Server Error: /merlin/samples_search/
Traceback (most recent call last):
  File "C:\Python34\lib\site-packages\django\core\handlers\base.py", line 132, in get_response
    response = wrapped_callback(request, *callback_args, **callback_kwargs)
  File "D:\projects\mercury\merlin\views.py", line 497, in samples_search
    str(params['date_after_sample']).strip('[]'), '%m/%d/%y').strftime('%Y-%m-%d')
  File "C:\Python34\lib\_strptime.py", line 500, in _strptime_datetime
    tt, fraction = _strptime(data_string, format)
  File "C:\Python34\lib\_strptime.py", line 337, in _strptime
    (data_string, format))
ValueError: time data '2016-06-01T05:00:00.000Z' does not match format '%m/%d/%y'
[2016-06-02 12:36:54] | ERROR [django.request:256] | Internal Server Error: /merlin/samples_search/
Traceback (most recent call last):
  File "C:\Python34\lib\site-packages\django\core\handlers\base.py", line 132, in get_response
    response = wrapped_callback(request, *callback_args, **callback_kwargs)
  File "D:\projects\mercury\merlin\views.py", line 497, in samples_search
    str(params['date_after_sample']).strip('[]'), '%m/%d/%y').strftime('%Y-%m-%d')
  File "C:\Python34\lib\_strptime.py", line 500, in _strptime_datetime
    tt, fraction = _strptime(data_string, format)
  File "C:\Python34\lib\_strptime.py", line 337, in _strptime
    (data_string, format))
ValueError: time data '2016-06-01' does not match format '%m/%d/%y'
[2016-06-02 12:37:28] | INFO [merlin.views:509] | GET http://localhost:8000/mercuryservices/fullresults/?date_after_sample=2016-06-01  OK 200
[2016-06-02 12:37:28] | INFO [merlin.views:517] | search results count: 5
[2016-06-02 12:37:41] | INFO [merlin.views:509] | GET http://localhost:8000/mercuryservices/fullresults/?date_after_sample=2016-05-31  OK 200
[2016-06-02 12:37:41] | INFO [merlin.views:517] | search results count: 6
[2016-06-02 12:40:36] | INFO [merlin.views:509] | GET http://localhost:8000/mercuryservices/fullresults/?date_before_sample=2016-06-02&date_after_sample=2016-05-31  OK 200
[2016-06-02 12:40:36] | INFO [merlin.views:517] | search results count: 1
[2016-06-02 12:41:04] | INFO [merlin.views:536] | SAMPLE LOGIN UPDATE
[2016-06-02 12:41:04] | INFO [merlin.views:539] | submitted table contains 1 rows
[2016-06-02 12:41:04] | INFO [merlin.views:552] | for row 1 of 1 in table...
[2016-06-02 12:41:04] | INFO [merlin.views:555] | this sample id: 20002900
[2016-06-02 12:41:04] | INFO [merlin.views:561] | VALIDATE Sample in Search Save
[2016-06-02 12:41:04] | INFO [merlin.views:563] | GET http://localhost:8000/mercuryservices/samples/?id=20002900  OK 200
[2016-06-02 12:41:04] | INFO [merlin.views:565] | count: 1
[2016-06-02 12:41:04] | INFO [merlin.views:593] | Creating sample: {'medium_type': 39, 'length': -999, 'site': 205232, 'sample_date_time': '2016-05-01 12:34:00', 'received_date': '2016-06-02', 'comment': 'test', 'id': 20002900, 'project': 6306, 'replicate': 1, 'lab_processing': 6, 'depth': '1.0'}
[2016-06-02 12:41:04] | INFO [merlin.views:598] | this sample bottle id: 20002900|20006887|20007979
[2016-06-02 12:41:04] | INFO [merlin.views:617] | Creating sample bottle: {'preservation_volume': 3, 'preservation_comment': 'test', 'sample': 20002900, 'preservation_type': 8, 'filter_type': 26, 'preservation_acid': 20000118, 'id': 20006887, 'volume_filtered': 2, 'bottle': 20007979}
[2016-06-02 12:41:04] | INFO [merlin.views:628] | Creating result: {'isotope_flag': 11, 'analysis': 27, 'temp_sample': 20002900, 'sample_bottle': 20006887, 'id': 20007703, 'constituent': 27, 'temp_bottle': 20007979}
[2016-06-02 12:41:04] | INFO [merlin.views:637] | SAVE Samples in Search Save
[2016-06-02 12:41:04] | INFO [merlin.views:639] | [{'medium_type': 39, 'length': -999, 'site': 205232, 'sample_date_time': '2016-05-01 12:34:00', 'received_date': '2016-06-02', 'comment': 'test', 'id': 20002900, 'project': 6306, 'replicate': 1, 'lab_processing': 6, 'depth': '1.0'}]
[2016-06-02 12:41:04] | INFO [merlin.views:648] | Item #1: {"medium_type": 39, "length": -999, "site": 205232, "sample_date_time": "2016-05-01 12:34:00", "received_date": "2016-06-02", "comment": "test", "project": 6306, "replicate": 1, "lab_processing": 6, "depth": "1.0"}
[2016-06-02 12:41:05] | INFO [merlin.views:650] | PUT http://localhost:8000/mercuryservices/samples/20002900/  OK 200
[2016-06-02 12:41:05] | INFO [merlin.views:651] | 1 samples saved
[2016-06-02 12:41:05] | INFO [merlin.views:653] | [{'medium_type_string': 'WG', 'project_string': 'ITHACA EPA', 'sample_date': '05/01/16', 'site': 205232, 'medium_type': 39, 'comment': 'test', 'sample_time': '1234', 'project': 6306, 'lab_processing_string': 'NONE', 'site_usgs_scode': '04250200', 'site_string': 'SALMON RIVER AT PINEVILLE NY', 'length': -999.0, 'received_date': '06/02/16', 'replicate': 1, 'depth': 1.0, 'sample_bottles': [20006887], 'id': 20002900, 'lab_processing': 6, 'sample_date_time': '2016-05-01 12:34:00'}]
[2016-06-02 12:41:05] | INFO [merlin.views:657] | SAVE Sample Bottles in Search Save
[2016-06-02 12:41:05] | INFO [merlin.views:660] | [{'preservation_volume': 3, 'preservation_comment': 'test', 'sample': 20002900, 'preservation_type': 8, 'filter_type': 26, 'preservation_acid': 20000118, 'id': 20006887, 'volume_filtered': 2, 'bottle': 20007979}]
[2016-06-02 12:41:05] | INFO [merlin.views:671] | Item #1: {"preservation_volume": 3, "preservation_comment": "test", "sample": 20002900, "preservation_type": 8, "filter_type": 26, "preservation_acid": 20000118, "volume_filtered": 2, "bottle": 20007979}
[2016-06-02 12:41:05] | INFO [merlin.views:720] | PUT http://localhost:8000/mercuryservices/samplebottles/20006887/  OK 200
[2016-06-02 12:41:05] | INFO [merlin.views:721] | 1 sample bottles saved
[2016-06-02 12:41:05] | INFO [merlin.views:723] | [{'preservation_volume': 3.0, 'preservation_comment': 'test', 'sample': 20002900, 'preservation_type': 8, 'filter_type': 26, 'bottle': 20007979, 'preservation_acid': 20000118, 'bottle_string': 'WIT345CHI', 'volume_filtered': 2.0, 'id': 20006887}]
[2016-06-02 12:41:05] | INFO [merlin.views:727] | SAVE Sample Analyses in Search Save
[2016-06-02 12:41:05] | INFO [merlin.views:730] | [{'isotope_flag': 11, 'analysis': 27, 'temp_sample': 20002900, 'sample_bottle': 20006887, 'id': 20007703, 'constituent': 27, 'temp_bottle': 20007979}]
[2016-06-02 12:41:05] | INFO [merlin.views:741] | Item #1: {'isotope_flag': 11, 'analysis': 27, 'sample_bottle': 20006887, 'constituent': 27}
[2016-06-02 12:41:05] | INFO [merlin.views:795] | PUT http://localhost:8000/mercuryservices/results/20007703/  OK 200
[2016-06-02 12:41:05] | INFO [merlin.views:797] | 1 sample analyses saved
[2016-06-02 12:41:19] | INFO [merlin.views:509] | GET http://localhost:8000/mercuryservices/fullresults/?date_before_sample=2016-05-03&date_after_sample=2016-04-30  OK 200
[2016-06-02 12:41:19] | INFO [merlin.views:517] | search results count: 1
[2016-06-02 13:39:34] | INFO [merlin.views:842] | GET http://localhost:8000/mercuryservices/fullresults/?date_after_sample=2016-04-01&table=result  OK 200
[2016-06-02 13:39:34] | INFO [merlin.views:850] | search results count: 13
[2016-06-02 13:40:01] | INFO [merlin.views:509] | GET http://localhost:8000/mercuryservices/fullresults/?date_after_sample=2016-05-01  OK 200
[2016-06-02 13:40:01] | INFO [merlin.views:517] | search results count: 5
[2016-06-02 14:28:23] | ERROR [django.request:256] | Internal Server Error: /mercuryservices/reportresultscooperator/
Traceback (most recent call last):
  File "C:\Python34\lib\site-packages\django\db\backends\utils.py", line 64, in execute
    return self.cursor.execute(sql, params)
psycopg2.ProgrammingError: relation "report_cooperator_results" does not exist
LINE 1: SELECT COUNT('*') AS "__count" FROM "report_cooperator_resul...
                                            ^


The above exception was the direct cause of the following exception:

Traceback (most recent call last):
  File "C:\Python34\lib\site-packages\django\core\handlers\base.py", line 132, in get_response
    response = wrapped_callback(request, *callback_args, **callback_kwargs)
  File "C:\Python34\lib\site-packages\django\views\decorators\csrf.py", line 58, in wrapped_view
    return view_func(*args, **kwargs)
  File "C:\Python34\lib\site-packages\django\views\generic\base.py", line 71, in view
    return self.dispatch(request, *args, **kwargs)
  File "C:\Python34\lib\site-packages\rest_framework\views.py", line 452, in dispatch
    response = self.handle_exception(exc)
  File "C:\Python34\lib\site-packages\rest_framework\views.py", line 449, in dispatch
    response = handler(request, *args, **kwargs)
  File "C:\Python34\lib\site-packages\rest_framework\generics.py", line 199, in get
    return self.list(request, *args, **kwargs)
  File "C:\Python34\lib\site-packages\rest_framework\mixins.py", line 41, in list
    page = self.paginate_queryset(queryset)
  File "C:\Python34\lib\site-packages\rest_framework\generics.py", line 170, in paginate_queryset
    return self.paginator.paginate_queryset(queryset, self.request, view=self)
  File "C:\Python34\lib\site-packages\rest_framework\pagination.py", line 299, in paginate_queryset
    self.page = paginator.page(page_number)
  File "C:\Python34\lib\site-packages\django\core\paginator.py", line 50, in page
    number = self.validate_number(number)
  File "C:\Python34\lib\site-packages\django\core\paginator.py", line 39, in validate_number
    if number > self.num_pages:
  File "C:\Python34\lib\site-packages\django\core\paginator.py", line 86, in _get_num_pages
    if self.count == 0 and not self.allow_empty_first_page:
  File "C:\Python34\lib\site-packages\django\core\paginator.py", line 72, in _get_count
    self._count = self.object_list.count()
  File "C:\Python34\lib\site-packages\django\db\models\query.py", line 318, in count
    return self.query.get_count(using=self.db)
  File "C:\Python34\lib\site-packages\django\db\models\sql\query.py", line 464, in get_count
    number = obj.get_aggregation(using, ['__count'])['__count']
  File "C:\Python34\lib\site-packages\django\db\models\sql\query.py", line 445, in get_aggregation
    result = compiler.execute_sql(SINGLE)
  File "C:\Python34\lib\site-packages\django\db\models\sql\compiler.py", line 829, in execute_sql
    cursor.execute(sql, params)
  File "C:\Python34\lib\site-packages\django\db\backends\utils.py", line 79, in execute
    return super(CursorDebugWrapper, self).execute(sql, params)
  File "C:\Python34\lib\site-packages\django\db\backends\utils.py", line 64, in execute
    return self.cursor.execute(sql, params)
  File "C:\Python34\lib\site-packages\django\db\utils.py", line 97, in __exit__
    six.reraise(dj_exc_type, dj_exc_value, traceback)
  File "C:\Python34\lib\site-packages\django\utils\six.py", line 658, in reraise
    raise value.with_traceback(tb)
  File "C:\Python34\lib\site-packages\django\db\backends\utils.py", line 64, in execute
    return self.cursor.execute(sql, params)
django.db.utils.ProgrammingError: relation "report_cooperator_results" does not exist
LINE 1: SELECT COUNT('*') AS "__count" FROM "report_cooperator_resul...
                                            ^

[2016-06-02 14:28:24] | INFO [merlin.views:1011] | GET http://localhost:8000/mercuryservices/reportresultscooperator/?date_after_entry=2016-05-01  INTERNAL SERVER ERROR 500
[2016-06-02 14:28:24] | ERROR [django.request:256] | Internal Server Error: /merlin/results_cooperator_report/
Traceback (most recent call last):
  File "C:\Python34\lib\site-packages\django\core\handlers\base.py", line 132, in get_response
    response = wrapped_callback(request, *callback_args, **callback_kwargs)
  File "D:\projects\mercury\merlin\views.py", line 1012, in results_cooperator_report
    r_dict = r.json()
  File "C:\Python34\lib\site-packages\requests\models.py", line 819, in json
    return json.loads(self.text, **kwargs)
  File "C:\Python34\lib\site-packages\simplejson\__init__.py", line 505, in loads
    return _default_decoder.decode(s)
  File "C:\Python34\lib\site-packages\simplejson\decoder.py", line 370, in decode
    obj, end = self.raw_decode(s)
  File "C:\Python34\lib\site-packages\simplejson\decoder.py", line 400, in raw_decode
    return self.scan_once(s, idx=_w(s, idx).end())
simplejson.scanner.JSONDecodeError: Expecting value: line 2 column 1 (char 1)
[2016-06-02 14:28:32] | ERROR [django.request:256] | Internal Server Error: /mercuryservices/reportresultscooperator/
Traceback (most recent call last):
  File "C:\Python34\lib\site-packages\django\db\backends\utils.py", line 64, in execute
    return self.cursor.execute(sql, params)
psycopg2.ProgrammingError: relation "report_cooperator_results" does not exist
LINE 1: SELECT COUNT('*') AS "__count" FROM "report_cooperator_resul...
                                            ^


The above exception was the direct cause of the following exception:

Traceback (most recent call last):
  File "C:\Python34\lib\site-packages\django\core\handlers\base.py", line 132, in get_response
    response = wrapped_callback(request, *callback_args, **callback_kwargs)
  File "C:\Python34\lib\site-packages\django\views\decorators\csrf.py", line 58, in wrapped_view
    return view_func(*args, **kwargs)
  File "C:\Python34\lib\site-packages\django\views\generic\base.py", line 71, in view
    return self.dispatch(request, *args, **kwargs)
  File "C:\Python34\lib\site-packages\rest_framework\views.py", line 452, in dispatch
    response = self.handle_exception(exc)
  File "C:\Python34\lib\site-packages\rest_framework\views.py", line 449, in dispatch
    response = handler(request, *args, **kwargs)
  File "C:\Python34\lib\site-packages\rest_framework\generics.py", line 199, in get
    return self.list(request, *args, **kwargs)
  File "C:\Python34\lib\site-packages\rest_framework\mixins.py", line 41, in list
    page = self.paginate_queryset(queryset)
  File "C:\Python34\lib\site-packages\rest_framework\generics.py", line 170, in paginate_queryset
    return self.paginator.paginate_queryset(queryset, self.request, view=self)
  File "C:\Python34\lib\site-packages\rest_framework\pagination.py", line 299, in paginate_queryset
    self.page = paginator.page(page_number)
  File "C:\Python34\lib\site-packages\django\core\paginator.py", line 50, in page
    number = self.validate_number(number)
  File "C:\Python34\lib\site-packages\django\core\paginator.py", line 39, in validate_number
    if number > self.num_pages:
  File "C:\Python34\lib\site-packages\django\core\paginator.py", line 86, in _get_num_pages
    if self.count == 0 and not self.allow_empty_first_page:
  File "C:\Python34\lib\site-packages\django\core\paginator.py", line 72, in _get_count
    self._count = self.object_list.count()
  File "C:\Python34\lib\site-packages\django\db\models\query.py", line 318, in count
    return self.query.get_count(using=self.db)
  File "C:\Python34\lib\site-packages\django\db\models\sql\query.py", line 464, in get_count
    number = obj.get_aggregation(using, ['__count'])['__count']
  File "C:\Python34\lib\site-packages\django\db\models\sql\query.py", line 445, in get_aggregation
    result = compiler.execute_sql(SINGLE)
  File "C:\Python34\lib\site-packages\django\db\models\sql\compiler.py", line 829, in execute_sql
    cursor.execute(sql, params)
  File "C:\Python34\lib\site-packages\django\db\backends\utils.py", line 79, in execute
    return super(CursorDebugWrapper, self).execute(sql, params)
  File "C:\Python34\lib\site-packages\django\db\backends\utils.py", line 64, in execute
    return self.cursor.execute(sql, params)
  File "C:\Python34\lib\site-packages\django\db\utils.py", line 97, in __exit__
    six.reraise(dj_exc_type, dj_exc_value, traceback)
  File "C:\Python34\lib\site-packages\django\utils\six.py", line 658, in reraise
    raise value.with_traceback(tb)
  File "C:\Python34\lib\site-packages\django\db\backends\utils.py", line 64, in execute
    return self.cursor.execute(sql, params)
django.db.utils.ProgrammingError: relation "report_cooperator_results" does not exist
LINE 1: SELECT COUNT('*') AS "__count" FROM "report_cooperator_resul...
                                            ^

[2016-06-02 14:28:33] | INFO [merlin.views:1011] | GET http://localhost:8000/mercuryservices/reportresultscooperator/?date_after_entry=2016-03-01  INTERNAL SERVER ERROR 500
[2016-06-02 14:28:33] | ERROR [django.request:256] | Internal Server Error: /merlin/results_cooperator_report/
Traceback (most recent call last):
  File "C:\Python34\lib\site-packages\django\core\handlers\base.py", line 132, in get_response
    response = wrapped_callback(request, *callback_args, **callback_kwargs)
  File "D:\projects\mercury\merlin\views.py", line 1012, in results_cooperator_report
    r_dict = r.json()
  File "C:\Python34\lib\site-packages\requests\models.py", line 819, in json
    return json.loads(self.text, **kwargs)
  File "C:\Python34\lib\site-packages\simplejson\__init__.py", line 505, in loads
    return _default_decoder.decode(s)
  File "C:\Python34\lib\site-packages\simplejson\decoder.py", line 370, in decode
    obj, end = self.raw_decode(s)
  File "C:\Python34\lib\site-packages\simplejson\decoder.py", line 400, in raw_decode
    return self.scan_once(s, idx=_w(s, idx).end())
simplejson.scanner.JSONDecodeError: Expecting value: line 2 column 1 (char 1)
[2016-06-02 14:49:44] | INFO [merlin.views:976] | GET http://localhost:8000/mercuryservices/reportresultsnwis/?exclude_ld=True&date_after_entry=2016-04-01  OK 200
[2016-06-02 14:49:44] | INFO [merlin.views:978] | search results nwis report count: 0
[2016-06-02 14:50:00] | INFO [merlin.views:976] | GET http://localhost:8000/mercuryservices/reportresultsnwis/?exclude_ld=True&date_after_entry=2015-11-02  OK 200
[2016-06-02 14:50:00] | INFO [merlin.views:978] | search results nwis report count: 46
[2016-06-02 15:20:05] | INFO [merlin.views:509] | GET http://localhost:8000/mercuryservices/fullresults/?project=6306  OK 200
[2016-06-02 15:20:05] | INFO [merlin.views:517] | search results count: 184
[2016-06-02 15:21:37] | INFO [merlin.views:509] | GET http://localhost:8000/mercuryservices/fullresults/?project=6306  OK 200
[2016-06-02 15:21:37] | INFO [merlin.views:517] | search results count: 184
[2016-06-02 15:26:03] | INFO [merlin.views:536] | SAMPLE LOGIN UPDATE
[2016-06-02 15:26:03] | INFO [merlin.views:539] | submitted table contains 1 rows
[2016-06-02 15:26:03] | INFO [merlin.views:552] | for row 1 of 1 in table...
[2016-06-02 15:26:03] | INFO [merlin.views:555] | this sample id: 20002891
[2016-06-02 15:26:03] | INFO [merlin.views:561] | VALIDATE Sample in Search Save
[2016-06-02 15:26:03] | INFO [merlin.views:563] | GET http://localhost:8000/mercuryservices/samples/?id=20002891  OK 200
[2016-06-02 15:26:03] | INFO [merlin.views:565] | count: 1
[2016-06-02 15:26:03] | INFO [merlin.views:593] | Creating sample: {'medium_type': 40, 'project': 6306, 'depth': 2.02, 'replicate': 1, 'comment': 'dsfafads', 'lab_processing': 6, 'id': 20002891, 'sample_date_time': '2016-04-01 12:34:00', 'site': 205234, 'length': -999, 'received_date': '2016-04-04'}
[2016-06-02 15:26:03] | INFO [merlin.views:598] | this sample bottle id: 20002891|None|20008005
[2016-06-02 15:26:03] | INFO [merlin.views:617] | Creating sample bottle: {'preservation_comment': 'fdsaccxz', 'volume_filtered': 23, 'preservation_acid': 20000123, 'bottle': 20008005, 'id': None, 'preservation_type': 8, 'sample': 20002891, 'preservation_volume': 3, 'filter_type': 24}
[2016-06-02 15:26:03] | INFO [merlin.views:628] | Creating result: {'temp_sample': 20002891, 'isotope_flag': 11, 'analysis': 25, 'constituent': 25, 'id': None, 'sample_bottle': None, 'temp_bottle': 20008005}
[2016-06-02 15:26:03] | INFO [merlin.views:637] | SAVE Samples in Search Save
[2016-06-02 15:26:03] | INFO [merlin.views:639] | [{'medium_type': 40, 'project': 6306, 'depth': 2.02, 'replicate': 1, 'comment': 'dsfafads', 'lab_processing': 6, 'id': 20002891, 'sample_date_time': '2016-04-01 12:34:00', 'site': 205234, 'length': -999, 'received_date': '2016-04-04'}]
[2016-06-02 15:26:03] | INFO [merlin.views:648] | Item #1: {"medium_type": 40, "project": 6306, "depth": 2.02, "replicate": 1, "comment": "dsfafads", "lab_processing": 6, "sample_date_time": "2016-04-01 12:34:00", "site": 205234, "length": -999, "received_date": "2016-04-04"}
[2016-06-02 15:26:03] | INFO [merlin.views:650] | PUT http://localhost:8000/mercuryservices/samples/20002891/  OK 200
[2016-06-02 15:26:03] | INFO [merlin.views:651] | 1 samples saved
[2016-06-02 15:26:03] | INFO [merlin.views:653] | [{'medium_type': 40, 'project': 6306, 'sample_bottles': [20006878], 'replicate': 1, 'comment': 'dsfafads', 'lab_processing_string': 'NONE', 'id': 20002891, 'site': 205234, 'site_string': 'OAK ORCHARD CREEK NEAR SHELBY NY', 'site_usgs_scode': '04220045', 'received_date': '04/04/16', 'project_string': 'ITHACA EPA', 'medium_type_string': 'WGQ', 'depth': 2.02, 'sample_date_time': '2016-04-01 12:34:00', 'sample_time': '1234', 'length': -999.0, 'sample_date': '04/01/16', 'lab_processing': 6}]
[2016-06-02 15:26:03] | INFO [merlin.views:657] | SAVE Sample Bottles in Search Save
[2016-06-02 15:26:03] | INFO [merlin.views:660] | [{'preservation_comment': 'fdsaccxz', 'volume_filtered': 23, 'preservation_acid': 20000123, 'bottle': 20008005, 'id': None, 'preservation_type': 8, 'sample': 20002891, 'preservation_volume': 3, 'filter_type': 24}]
[2016-06-02 15:26:03] | INFO [merlin.views:671] | Item #1: {"preservation_comment": "fdsaccxz", "volume_filtered": 23, "preservation_acid": 20000123, "bottle": 20008005, "preservation_type": 8, "sample": 20002891, "preservation_volume": 3, "filter_type": 24}
[2016-06-02 15:26:03] | INFO [merlin.views:675] | VALIDATE Sample Bottle in Search Save
[2016-06-02 15:26:04] | INFO [merlin.views:680] | GET http://localhost:8000/mercuryservices/samplebottles/?bottle=20008005&sample_id=20002891  OK 200
[2016-06-02 15:26:04] | INFO [merlin.views:682] | count: 0
[2016-06-02 15:26:04] | INFO [merlin.views:688] | GET http://localhost:8000/mercuryservices/samplebottles/?bottle=20008005  OK 200
[2016-06-02 15:26:04] | INFO [merlin.views:690] | count: 0
[2016-06-02 15:26:04] | INFO [merlin.views:695] | POST http://localhost:8000/mercuryservices/samplebottles/  CREATED 201
[2016-06-02 15:26:04] | INFO [merlin.views:696] | 1 sample bottles created
[2016-06-02 15:26:04] | INFO [merlin.views:723] | [{'sample': 20002891, 'preservation_comment': 'fdsaccxz', 'volume_filtered': 23.0, 'preservation_acid': 20000123, 'bottle': 20008005, 'id': 20006888, 'preservation_type': 8, 'filter_type': 24, 'preservation_volume': 3.0, 'bottle_string': 'WIT102CHJ'}]
[2016-06-02 15:26:04] | INFO [merlin.views:727] | SAVE Sample Analyses in Search Save
[2016-06-02 15:26:04] | INFO [merlin.views:730] | [{'temp_sample': 20002891, 'isotope_flag': 11, 'analysis': 25, 'constituent': 25, 'id': None, 'sample_bottle': None, 'temp_bottle': 20008005}]
[2016-06-02 15:26:04] | INFO [merlin.views:741] | Item #1: {'isotope_flag': 11, 'analysis': 25, 'constituent': 25, 'sample_bottle': None}
[2016-06-02 15:26:04] | INFO [merlin.views:746] | VALIDATE Sample Analysis in Search Save
[2016-06-02 15:26:04] | INFO [merlin.views:749] | GET http://localhost:8000/mercuryservices/samplebottles/?bottle=20008005&sample_id=20002891  OK 200
[2016-06-02 15:26:04] | INFO [merlin.views:751] | count: 1
[2016-06-02 15:26:04] | INFO [merlin.views:757] | found this sample bottle: 20006888
[2016-06-02 15:26:05] | INFO [merlin.views:762] | GET http://localhost:8000/mercuryservices/results/?isotope_flag=11&analysis=25&sample_bottle=20006888&constituent=25  OK 200
[2016-06-02 15:26:05] | INFO [merlin.views:764] | count: 0
[2016-06-02 15:26:05] | INFO [merlin.views:769] | POST http://localhost:8000/mercuryservices/results/  CREATED 201
[2016-06-02 15:26:05] | INFO [merlin.views:771] | 1 sample analyses created
[2016-06-02 15:26:28] | INFO [merlin.views:509] | GET http://localhost:8000/mercuryservices/fullresults/?project=6306  OK 200
[2016-06-02 15:26:28] | INFO [merlin.views:517] | search results count: 185
[2016-06-02 16:15:29] | INFO [merlin.views:509] | GET http://localhost:8000/mercuryservices/fullresults/?date_after_sample=2016-03-02  OK 200
[2016-06-02 16:15:29] | INFO [merlin.views:517] | search results count: 17
